#
# There is insufficient memory for the Java Runtime Environment to continue.
# Native memory allocation (mmap) failed to map 266338304 bytes for G1 virtual space
# Possible reasons:
#   The system is out of physical RAM or swap space
#   The process is running with CompressedOops enabled, and the Java Heap may be blocking the growth of the native heap
# Possible solutions:
#   Reduce memory load on the system
#   Increase physical memory or swap space
#   Check if swap backing store is full
#   Decrease Java heap size (-Xmx/-Xms)
#   Decrease number of Java threads
#   Decrease Java thread stack sizes (-Xss)
#   Set larger code cache with -XX:ReservedCodeCacheSize=
#   JVM is running with Zero Based Compressed Oops mode in which the Java heap is
#     placed in the first 32GB address space. The Java Heap base address is the
#     maximum limit for the native heap growth. Please use -XX:HeapBaseMinAddress
#     to set the Java Heap base and to place the Java Heap above 32GB virtual address.
# This output file may be truncated or incomplete.
#
#  Out of Memory Error (os_windows.cpp:3550), pid=24152, tid=22692
#
# JRE version:  (17.0.7+8) (build )
# Java VM: Java HotSpot(TM) 64-Bit Server VM (17.0.7+8-LTS-224, mixed mode, sharing, tiered, compressed oops, compressed class ptrs, g1 gc, windows-amd64)
# No core dump will be written. Minidumps are not enabled by default on client versions of Windows
#

---------------  S U M M A R Y ------------

Command Line: -javaagent:C:\Program Files\JetBrains\IntelliJ IDEA Community Edition 2023.1.2\lib\idea_rt.jar=51623:C:\Program Files\JetBrains\IntelliJ IDEA Community Edition 2023.1.2\bin -Dfile.encoding=UTF-8 com.StreamingApp.WildFlixMSH.WildFlixMshApplication

Host: Intel(R) Core(TM) i5-9300H CPU @ 2.40GHz, 8 cores, 15G,  Windows 10 , 64 bit Build 19041 (10.0.19041.3031)
Time: Fri Jun 30 12:15:49 2023 Paris, Madrid (heure duild 19041 (10.0.19041.3031) elapsed time: 0.016297 seconds (0d 0h 0m 0s)

---------------  T H R E A D  ---------------

Current thread (0x000002376b339280):  JavaThread "Unknown thread" [_thread_in_vm, id=22692, stack(0x000000b1d4100000,0x000000b1d4200000)]

Stack: [0x000000b1d4100000,0x000000b1d4200000]
Native frames: (J=compiled Java code, j=interpreted, Vv=VM code, C=native code)
V  [jvm.dll+0x676a4a]
V  [jvm.dll+0x7d74f4]
V  [jvm.dll+0x7d8c9e]
V  [jvm.dll+0x7d9303]
V  [jvm.dll+0x2452c5]
V  [jvm.dll+0x6738f9]
V  [jvm.dll+0x668232]
V  [jvm.dll+0x302826]
V  [jvm.dll+0x309da6]
V  [jvm.dll+0x35952e]
V  [jvm.dll+0x35975f]
V  [jvm.dll+0x2d9a38]
V  [jvm.dll+0x2da9a4]
V  [jvm.dll+0x7a8fb1]
V  [jvm.dll+0x3670e1]
V  [jvm.dll+0x788359]
V  [jvm.dll+0x3ea5ef]
V  [jvm.dll+0x3ec071]
C  [jli.dll+0x5297]
C  [ucrtbase.dll+0x21bb2]
C  [KERNEL32.DLL+0x17614]
C  [ntdll.dll+0x526f1]


---------------  P R O C E S S  ---------------

Threads class SMR info:
_java_thread_list=0x00007ffda87a4998, length=0, elements={
}

Java Threads: ( => current thread )

Other Threads:
  0x000002376b3a4090 GCTaskThread "GC Thread#0" [stack: 0x000000b1d4200000,0x000000b1d4300000] [id=9912]
  0x000002376b3b5cf0 ConcurrentGCThread "G1 Main Marker" [stack: 0x000000b1d4300000,0x000000b1d4400000] [id=11372]
  0x000002376b3b6db0 ConcurrentGCThread "G1 Conc#0" [stack: 0x000000b1d4400000,0x000000b1d4500000] [id=10724]

[error occurred during error reporting (printing all threads), id 0xc0000005, EXCEPTION_ACCESS_VIOLATION (0xc0000005) at pc=0x00007ffda7fda697]

VM state: not at safepoint (not fully initialized)

VM Mutex/Monitor currently owned by a thread:  ([mutex/lock_event])
[0x000002376b335030] Heap_lock - owner thread: 0x000002376b339280

Heap address: 0x0000000702000000, size: 4064 MB, Compressed Oops mode: Zero based, Oop shift amount: 3

CDS archive(s) mapped at: [0x0000000000000000-0x0000000000000000-0x0000000000000000), size 0, SharedBaseAddress: 0x0000000800000000, ArchiveRelocationMode: 0.
Narrow klass base: 0x0000000000000000, Narrow klass shift: 0, Narrow klass range: 0x0

GC Precious Log:
<Empty>

Heap:
 garbage-first heap   total 0K, used 0K [0x0000000702000000, 0x0000000800000000)
  region size 2048K, 0 young (0K), 0 survivors (0K)

[error occurred during error reporting (printing heap information), id 0xc0000005, EXCEPTION_ACCESS_VIOLATION (0xc0000005) at pc=0x00007ffda83c00b9]

GC Heap History (0 events):
No events

Deoptimization events (0 events):
No events

Classes unloaded (0 events):
No events

Classes redefined (0 events):
No events

Internal exceptions (0 events):
No events

VM Operations (0 events):
No events

Events (1 events):
Event: 0.008 Loaded shared library C:\Program Files\Java\jdk-17\bin\java.dll


Dynamic libraries:
0x00007ff79e590000 - 0x00007ff79e5a0000 	C:\Program Files\Java\jdk-17\bin\java.exe
0x00007ffe332b0000 - 0x00007ffe334a8000 	C:\Windows\SYSTEM32\ntdll.dll
0x00007ffe324f0000 - 0x00007ffe325af000 	C:\Windows\System32\KERNEL32.DLL
0x00007ffe30a50000 - 0x00007ffe30d46000 	C:\Windows\System32\KERNELBASE.dll
0x00007ffe31000000 - 0x00007ffe31100000 	C:\Windows\System32\ucrtbase.dll
0x00007ffe038e0000 - 0x00007ffe038f9000 	C:\Program Files\Java\jdk-17\bin\jli.dll
0x00007ffe038c0000 - 0x00007ffe038db000 	C:\Program Files\Java\jdk-17\bin\VCRUNTIME140.dll
0x00007ffe32680000 - 0x00007ffe3272f000 	C:\Windows\System32\ADVAPI32.dll
0x00007ffe32730000 - 0x00007ffe327ce000 	C:\Windows\System32\msvcrt.dll
0x00007ffe31310000 - 0x00007ffe313ac000 	C:\Windows\System32\sechost.dll
0x00007ffe32e00000 - 0x00007ffe32f26000 	C:\Windows\System32\RPCRT4.dll
0x00007ffe32f30000 - 0x00007ffe330cd000 	C:\Windows\System32\USER32.dll
0x00007ffe14200000 - 0x00007ffe1449a000 	C:\Windows\WinSxS\amd64_microsoft.windows.common-controls_6595b64144ccf1df_6.0.19041.1110_none_60b5254171f9507e\COMCTL32.dll
0x00007ffe30990000 - 0x00007ffe309b2000 	C:\Windows\System32\win32u.dll
0x00007ffe32650000 - 0x00007ffe3267c000 	C:\Windows\System32\GDI32.dll
0x00007ffe30d50000 - 0x00007ffe30e65000 	C:\Windows\System32\gdi32full.dll
0x00007ffe311c0000 - 0x00007ffe3125d000 	C:\Windows\System32\msvcp_win.dll
0x00007ffe29720000 - 0x00007ffe2972a000 	C:\Windows\SYSTEM32\VERSION.dll
0x00007ffe327d0000 - 0x00007ffe32800000 	C:\Windows\System32\IMM32.DLL
0x00007ffe2c310000 - 0x00007ffe2c31c000 	C:\Program Files\Java\jdk-17\bin\vcruntime140_1.dll
0x00007ffdb7070000 - 0x00007ffdb70fe000 	C:\Program Files\Java\jdk-17\bin\msvcp140.dll
0x00007ffda7cf0000 - 0x00007ffda88cd000 	C:\Program Files\Java\jdk-17\bin\server\jvm.dll
0x00007ffe331e0000 - 0x00007ffe331e8000 	C:\Windows\System32\PSAPI.DLL
0x00007ffe0c930000 - 0x00007ffe0c939000 	C:\Windows\SYSTEM32\WSOCK32.dll
0x00007ffe13de0000 - 0x00007ffe13e07000 	C:\Windows\SYSTEM32\WINMM.dll
0x00007ffe322d0000 - 0x00007ffe3233b000 	C:\Windows\System32\WS2_32.dll
0x00007ffe2f1d0000 - 0x00007ffe2f1e2000 	C:\Windows\SYSTEM32\kernel.appcore.dll
0x00007ffe038b0000 - 0x00007ffe038ba000 	C:\Program Files\Java\jdk-17\bin\jimage.dll
0x00007ffe2eee0000 - 0x00007ffe2f0c4000 	C:\Windows\SYSTEM32\DBGHELP.DLL
0x00007ffe10c40000 - 0x00007ffe10c74000 	C:\Windows\SYSTEM32\dbgcore.DLL
0x00007ffe309c0000 - 0x00007ffe30a42000 	C:\Windows\System32\bcryptPrimitives.dll
0x00007ffe2c000000 - 0x00007ffe2c00e000 	C:\Program Files\Java\jdk-17\bin\instrument.dll
0x00007ffdf65d0000 - 0x00007ffdf65f5000 	C:\Program Files\Java\jdk-17\bin\java.dll

dbghelp: loaded successfully - version: 4.0.5 - missing functions: none
symbol engine: initialized successfully - sym options: 0x614 - pdb path: .;C:\Program Files\Java\jdk-17\bin;C:\Windows\SYSTEM32;C:\Windows\WinSxS\amd64_microsoft.windows.common-controls_6595b64144ccf1df_6.0.19041.1110_none_60b5254171f9507e;C:\Program Files\Java\jdk-17\bin\server

VM Arguments:
jvm_args: -javaagent:C:\Program Files\JetBrains\IntelliJ IDEA Community Edition 2023.1.2\lib\idea_rt.jar=51623:C:\Program Files\JetBrains\IntelliJ IDEA Community Edition 2023.1.2\bin -Dfile.encoding=UTF-8 
java_command: com.StreamingApp.WildFlixMSH.WildFlixMshApplication
java_class_path (initial): C:\Users\moham\Desktop\WildFlixMSH\WildFlixMSH\target\classes;C:\Users\moham\.m2\repository\org\springframework\boot\spring-boot-starter-data-jpa\3.0.8\spring-boot-starter-data-jpa-3.0.8.jar;C:\Users\moham\.m2\repository\org\springframework\boot\spring-boot-starter-aop\3.0.8\spring-boot-starter-aop-3.0.8.jar;C:\Users\moham\.m2\repository\org\aspectj\aspectjweaver\1.9.19\aspectjweaver-1.9.19.jar;C:\Users\moham\.m2\repository\org\springframework\boot\spring-boot-starter-jdbc\3.0.8\spring-boot-starter-jdbc-3.0.8.jar;C:\Users\moham\.m2\repository\com\zaxxer\HikariCP\5.0.1\HikariCP-5.0.1.jar;C:\Users\moham\.m2\repository\org\springframework\spring-jdbc\6.0.10\spring-jdbc-6.0.10.jar;C:\Users\moham\.m2\repository\org\hibernate\orm\hibernate-core\6.1.7.Final\hibernate-core-6.1.7.Final.jar;C:\Users\moham\.m2\repository\jakarta\persistence\jakarta.persistence-api\3.1.0\jakarta.persistence-api-3.1.0.jar;C:\Users\moham\.m2\repository\jakarta\transaction\jakarta.transaction-api\2.0.1\jakarta.transaction-api-2.0.1.jar;C:\Users\moham\.m2\repository\org\jboss\logging\jboss-logging\3.5.1.Final\jboss-logging-3.5.1.Final.jar;C:\Users\moham\.m2\repository\org\hibernate\common\hibernate-commons-annotations\6.0.6.Final\hibernate-commons-annotations-6.0.6.Final.jar;C:\Users\moham\.m2\repository\org\jboss\jandex\2.4.2.Final\jandex-2.4.2.Final.jar;C:\Users\moham\.m2\repository\com\fasterxml\classmate\1.5.1\classmate-1.5.1.jar;C:\Users\moham\.m2\repository\net\bytebuddy\byte-buddy\1.12.23\byte-buddy-1.12.23.jar;C:\Users\moham\.m2\repository\org\glassfish\jaxb\jaxb-runtime\4.0.3\jaxb-runtime-4.0.3.jar;C:\Users\moham\.m2\repository\org\glassfish\jaxb\jaxb-core\4.0.3\jaxb-core-4.0.3.jar;C:\Users\moham\.m2\repository\org\eclipse\angus\angus-activation\2.0.1\angus-activation-2.0.1.jar;C:\Users\moham\.m2\repository\org\glassfish\jaxb\txw2\4.0.3\txw2-4.0.3.jar;C:\Users\moham\.m2\repository\com\sun\istack\istack-commons-runtime\4.1.2\istack-commons-runtime-4.1.2.jar;C:\U
Launcher Type: SUN_STANDARD

[Global flags]
     intx CICompilerCount                          = 4                                         {product} {ergonomic}
     uint ConcGCThreads                            = 2                                         {product} {ergonomic}
     uint G1ConcRefinementThreads                  = 8                                         {product} {ergonomic}
   size_t G1HeapRegionSize                         = 2097152                                   {product} {ergonomic}
    uintx GCDrainStackTargetSize                   = 64                                        {product} {ergonomic}
   size_t InitialHeapSize                          = 266338304                                 {product} {ergonomic}
   size_t MarkStackSize                            = 4194304                                   {product} {ergonomic}
   size_t MaxHeapSize                              = 4261412864                                {product} {ergonomic}
   size_t MinHeapDeltaBytes                        = 2097152                                   {product} {ergonomic}
   size_t MinHeapSize                              = 8388608                                   {product} {ergonomic}
    uintx NonNMethodCodeHeapSize                   = 5839372                                {pd product} {ergonomic}
    uintx NonProfiledCodeHeapSize                  = 122909434                              {pd product} {ergonomic}
    uintx ProfiledCodeHeapSize                     = 122909434                              {pd product} {ergonomic}
    uintx ReservedCodeCacheSize                    = 251658240                              {pd product} {ergonomic}
     bool SegmentedCodeCache                       = true                                      {product} {ergonomic}
   size_t SoftMaxHeapSize                          = 4261412864                             {manageable} {ergonomic}
     bool UseCompressedClassPointers               = true                           {product lp64_product} {ergonomic}
     bool UseCompressedOops                        = true                           {product lp64_product} {ergonomic}
     bool UseG1GC                                  = true                                      {product} {ergonomic}
     bool UseLargePagesIndividualAllocation        = false                                  {pd product} {ergonomic}

Logging:
Log output configuration:
 #0: stdout all=warning uptime,level,tags
 #1: stderr all=off uptime,level,tags

Environment Variables:
PATH=C:\Program Files\Common Files\Oracle\Java\javapath;C:\Python311\Scripts\;C:\Python311\;C:\Windows\system32;C:\Windows;C:\Windows\System32\Wbem;C:\Windows\System32\WindowsPowerShell\v1.0\;C:\Windows\System32\OpenSSH\;C:\Program Files\Microsoft VS Code\bin;C:\Program Files\Git\cmd;C:\ProgramData\chocolatey\bin;C:\Program Files\GitHub CLI\;C:\Program Files\nodejs\;C:\Program Files\MySQL\MySQL Server 8.0\bin;C:\Program Files\MySQL\MySQL Shell 8.0\bin\;C:\Users\moham\AppData\Local\Microsoft\WindowsApps;C:\Users\moham\AppData\Roaming\npm
USERNAME=moham
OS=Windows_NT
PROCESSOR_IDENTIFIER=Intel64 Family 6 Model 158 Stepping 10, GenuineIntel



---------------  S Y S T E M  ---------------

OS:
 Windows 10 , 64 bit Build 19041 (10.0.19041.3031)
OS uptime: 0 days 3:03 hours

CPU: total 8 (initial active 8) (4 cores per cpu, 2 threads per core) family 6 model 158 stepping 10 microcode 0xf0, cx8, cmov, fxsr, ht, mmx, 3dnowpref, sse, sse2, sse3, ssse3, sse4.1, sse4.2, popcnt, lzcnt, tsc, tscinvbit, avx, avx2, aes, erms, clmul, bmi1, bmi2, adx, fma, vzeroupper, clflush, clflushopt

Memory: 4k page, system-wide physical 16255M (4007M free)
TotalPageFile size 16255M (AvailPageFile size 217M)
current process WorkingSet (physical memory assigned to process): 10M, peak: 10M
current process commit charge ("private bytes"): 60M, peak: 314M

vm_info: Java HotSpot(TM) 64-Bit Server VM (17.0.7+8-LTS-224) for windows-amd64 JRE (17.0.7+8-LTS-224), built on Feb 28 2023 23:03:02 by "mach5one" with MS VC++ 17.1 (VS2022)

END.
